This is pdfTeX, Version 3.14159265-2.6-1.40.15 (TeX Live 2014) (preloaded format=pdftex 2014.12.26)  23 JUN 2015 16:31
entering extended mode
 restricted \write18 enabled.
 file:line:error style messages enabled.
 %&-line parsing enabled.
**/Users/christianreinicke/Documents/Master/4PGS/Writing/Thesis/Chapters/chapter5-Results.tex
(/Users/christianreinicke/Documents/Master/4PGS/Writing/Thesis/Chapters/chapter5-Results.tex
/Users/christianreinicke/Documents/Master/4PGS/Writing/Thesis/Chapters/chapter5-Results.tex:1: Undefined control sequence.
l.1 \chapter
            {Results}
The control sequence at the end of the top line
of your error message was never \def'ed. If you have
misspelled it (e.g., `\hobx'), type `I' and the correct
spelling (e.g., `I\hbox'). Otherwise just continue,
and I'll forget about whatever was undefined.

/Users/christianreinicke/Documents/Master/4PGS/Writing/Thesis/Chapters/chapter5-Results.tex:3: Undefined control sequence.
l.3 \section
            {Feasibility}
The control sequence at the end of the top line
of your error message was never \def'ed. If you have
misspelled it (e.g., `\hobx'), type `I' and the correct
spelling (e.g., `I\hbox'). Otherwise just continue,
and I'll forget about whatever was undefined.

/Users/christianreinicke/Documents/Master/4PGS/Writing/Thesis/Chapters/chapter5-Results.tex:5: Undefined control sequence.
l.5 \section
            {Blending pattern}
The control sequence at the end of the top line
of your error message was never \def'ed. If you have
misspelled it (e.g., `\hobx'), type `I' and the correct
spelling (e.g., `I\hbox'). Otherwise just continue,
and I'll forget about whatever was undefined.

/Users/christianreinicke/Documents/Master/4PGS/Writing/Thesis/Chapters/chapter5-Results.tex:7: Undefined control sequence.
l.7 \section
            {3D FKK Filter Performance}
The control sequence at the end of the top line
of your error message was never \def'ed. If you have
misspelled it (e.g., `\hobx'), type `I' and the correct
spelling (e.g., `I\hbox'). Otherwise just continue,
and I'll forget about whatever was undefined.

)
! Emergency stop.
<*> ...riting/Thesis/Chapters/chapter5-Results.tex
                                                  
*** (job aborted, no legal \end found)

!  ==> Fatal error occurred, no output PDF file produced!
