This is pdfTeX, Version 3.14159265-2.6-1.40.15 (TeX Live 2014) (preloaded format=pdftex 2014.12.26)  16 MAY 2015 14:22
entering extended mode
 restricted \write18 enabled.
 file:line:error style messages enabled.
 %&-line parsing enabled.
**/Users/christianreinicke/Dropbox/MasterSemester/Writing/Thesis/chapter3.tex
(/Users/christianreinicke/Dropbox/MasterSemester/Writing/Thesis/chapter3.tex
/Users/christianreinicke/Dropbox/MasterSemester/Writing/Thesis/chapter3.tex:1: Undefined control sequence.
l.1 \chapter
            {Incoherency} \label{chap::incoherency}
The control sequence at the end of the top line
of your error message was never \def'ed. If you have
misspelled it (e.g., `\hobx'), type `I' and the correct
spelling (e.g., `I\hbox'). Otherwise just continue,
and I'll forget about whatever was undefined.

/Users/christianreinicke/Dropbox/MasterSemester/Writing/Thesis/chapter3.tex:1: Undefined control sequence.
l.1 \chapter{Incoherency} \label
                                {chap::incoherency}
The control sequence at the end of the top line
of your error message was never \def'ed. If you have
misspelled it (e.g., `\hobx'), type `I' and the correct
spelling (e.g., `I\hbox'). Otherwise just continue,
and I'll forget about whatever was undefined.

/Users/christianreinicke/Dropbox/MasterSemester/Writing/Thesis/chapter3.tex:3: Undefined control sequence.
l.3 ...ds of the individual sources overlap. \cite
                                                  {Mahdad-Deblending-Method}...
The control sequence at the end of the top line
of your error message was never \def'ed. If you have
misspelled it (e.g., `\hobx'), type `I' and the correct
spelling (e.g., `I\hbox'). Otherwise just continue,
and I'll forget about whatever was undefined.

/Users/christianreinicke/Dropbox/MasterSemester/Writing/Thesis/chapter3.tex:7: Undefined control sequence.
l.7 \section
            {Incoherency Control Factors}
The control sequence at the end of the top line
of your error message was never \def'ed. If you have
misspelled it (e.g., `\hobx'), type `I' and the correct
spelling (e.g., `I\hbox'). Otherwise just continue,
and I'll forget about whatever was undefined.

/Users/christianreinicke/Dropbox/MasterSemester/Writing/Thesis/chapter3.tex:11: Undefined control sequence.
l.11 \begin
           {equation}
The control sequence at the end of the top line
of your error message was never \def'ed. If you have
misspelled it (e.g., `\hobx'), type `I' and the correct
spelling (e.g., `I\hbox'). Otherwise just continue,
and I'll forget about whatever was undefined.

/Users/christianreinicke/Dropbox/MasterSemester/Writing/Thesis/chapter3.tex:12: Undefined control sequence.
l.12 	\mathbf
             { P_{debl} } = \mathbf{X S \Gamma \Gamma ^H}.
The control sequence at the end of the top line
of your error message was never \def'ed. If you have
misspelled it (e.g., `\hobx'), type `I' and the correct
spelling (e.g., `I\hbox'). Otherwise just continue,
and I'll forget about whatever was undefined.

/Users/christianreinicke/Dropbox/MasterSemester/Writing/Thesis/chapter3.tex:12: Missing $ inserted.
<inserted text> 
                $
<to be read again> 
                   _
l.12 	\mathbf{ P_
                 {debl} } = \mathbf{X S \Gamma \Gamma ^H}.
I've inserted a begin-math/end-math symbol since I think
you left one out. Proceed, with fingers crossed.

/Users/christianreinicke/Dropbox/MasterSemester/Writing/Thesis/chapter3.tex:12: Extra }, or forgotten $.
l.12 	\mathbf{ P_{debl} }
                          = \mathbf{X S \Gamma \Gamma ^H}.
I've deleted a group-closing symbol because it seems to be
spurious, as in `$x}$'. But perhaps the } is legitimate and
you forgot something else, as in `\hbox{$x}'. In such cases
the way to recover is to insert both the forgotten and the
deleted material, e.g., by typing `I$}'.

/Users/christianreinicke/Dropbox/MasterSemester/Writing/Thesis/chapter3.tex:12: Undefined control sequence.
l.12 	\mathbf{ P_{debl} } = \mathbf
                                   {X S \Gamma \Gamma ^H}.
The control sequence at the end of the top line
of your error message was never \def'ed. If you have
misspelled it (e.g., `\hobx'), type `I' and the correct
spelling (e.g., `I\hbox'). Otherwise just continue,
and I'll forget about whatever was undefined.

/Users/christianreinicke/Dropbox/MasterSemester/Writing/Thesis/chapter3.tex:13: Undefined control sequence.
l.13 	\label
            {eq:Ch-Incoherency-Deblended-Data}
The control sequence at the end of the top line
of your error message was never \def'ed. If you have
misspelled it (e.g., `\hobx'), type `I' and the correct
spelling (e.g., `I\hbox'). Otherwise just continue,
and I'll forget about whatever was undefined.

/Users/christianreinicke/Dropbox/MasterSemester/Writing/Thesis/chapter3.tex:14: Missing $ inserted.
<inserted text> 
                $
<to be read again> 
                   \end 
l.14 \end
         {equation}
I've inserted a begin-math/end-math symbol since I think
you left one out. Proceed, with fingers crossed.

[1{/usr/local/texlive/2014/texmf-var/fonts/map/pdftex/updmap/pdftex.map}] )
(\end occurred inside a group at level 1)

### simple group (level 1) entered at line 12 ({)
### bottom level</usr/local/texlive/2014/texmf-dist/fonts/type1/public/amsfonts/cm/cmmi10.pfb></usr/local/texlive/2014/texmf-dist/fonts/type1/public/amsfonts/cm/cmmi7.pfb></usr/local/texlive/2014/texmf-dist/fonts/type1/public/amsfonts/cm/cmr10.pfb></usr/local/texlive/2014/texmf-dist/fonts/type1/public/amsfonts/cm/cmsy10.pfb>
Output written on /Users/christianreinicke/Dropbox/MasterSemester/Writing/Thesis/.texpadtmp/chapter3.pdf (1 page, 46326 bytes).
PDF statistics:
 24 PDF objects out of 1000 (max. 8388607)
 16 compressed objects within 1 object stream
 0 named destinations out of 1000 (max. 500000)
 1 words of extra memory for PDF output out of 10000 (max. 10000000)

