\BOOKMARK [0][-]{chapter*.2}{Abstract}{}% 1
\BOOKMARK [0][-]{chapter*.3}{Acknowledgements}{}% 2
\BOOKMARK [0][-]{chapter*.6}{Nomenclature}{}% 3
\BOOKMARK [0][-]{chapter*.7}{Acronyms}{}% 4
\BOOKMARK [0][-]{chapter.1}{Introduction}{}% 5
\BOOKMARK [-1][-]{part.1}{I\040Theory}{}% 6
\BOOKMARK [0][-]{chapter.2}{Theory}{part.1}% 7
\BOOKMARK [1][-]{section.2.1}{The\040Forward\040Model\040of\040Blending}{chapter.2}% 8
\BOOKMARK [2][-]{subsection.2.1.1}{Conventional\040Seismic\040Data}{section.2.1}% 9
\BOOKMARK [2][-]{subsection.2.1.2}{Blended\040Seismic\040Data}{section.2.1}% 10
\BOOKMARK [1][-]{section.2.2}{Deblending}{chapter.2}% 11
\BOOKMARK [2][-]{subsection.2.2.1}{Pseudo-Deblending}{section.2.2}% 12
\BOOKMARK [2][-]{subsection.2.2.2}{Common\040Receiver\040Gather}{section.2.2}% 13
\BOOKMARK [2][-]{subsection.2.2.3}{Iterative\040Blending\040Noise\040Estimation}{section.2.2}% 14
\BOOKMARK [1][-]{section.2.3}{Analysis\040of\040the\040Blending\040Matrix}{chapter.2}% 15
\BOOKMARK [0][-]{chapter.3}{Extension\040to\0403D}{part.1}% 16
\BOOKMARK [1][-]{section.3.1}{Data\040Sorting}{chapter.3}% 17
\BOOKMARK [1][-]{section.3.2}{3D\040FKK\040Filter}{chapter.3}% 18
\BOOKMARK [0][-]{chapter.4}{Results}{part.1}% 19
\BOOKMARK [1][-]{section.4.1}{Blending\040pattern}{chapter.4}% 20
\BOOKMARK [1][-]{section.4.2}{3D\040FKK\040Filter\040Performance}{chapter.4}% 21
\BOOKMARK [1][-]{section.4.3}{Feasibility}{chapter.4}% 22
\BOOKMARK [0][-]{chapter.5}{Incoherency}{part.1}% 23
\BOOKMARK [1][-]{section.5.1}{Incoherency\040Control\040Factors}{chapter.5}% 24
\BOOKMARK [1][-]{section.5.2}{Quantification\040of\040Incoherency}{chapter.5}% 25
\BOOKMARK [1][-]{section.5.3}{Optimization\040of\040Incoherency}{chapter.5}% 26
\BOOKMARK [1][-]{section.5.4}{Fingerprint\040of\040the\040Incoherency\040in\040the\040Blending\040Matrix\040}{chapter.5}% 27
\BOOKMARK [0][-]{equation.5.4.7}{Bibliography}{part.1}% 28
\BOOKMARK [0][-]{appendix.A}{The\040back\040of\040the\040thesis}{part.1}% 29
\BOOKMARK [1][-]{section.A.1}{An\040appendix\040section}{appendix.A}% 30
\BOOKMARK [2][-]{subsection.A.1.1}{An\040appendix\040subsection\040with\040C++\040Lisitng}{section.A.1}% 31
\BOOKMARK [2][-]{subsection.A.1.2}{A\040Matlab\040\040Listing}{section.A.1}% 32
\BOOKMARK [0][-]{appendix.B}{Yet\040another\040appendix}{part.1}% 33
\BOOKMARK [1][-]{section.B.1}{Another\040test\040section}{appendix.B}% 34
